<?xml version="1.0" encoding="UTF-8"?>
<testng-results ignored="0" total="2" passed="2" failed="0" skipped="0">
  <reporter-output>
  </reporter-output>
  <suite started-at="2023-02-09T11:43:38 BDT" name="Default suite" finished-at="2023-02-09T11:47:06 BDT" duration-ms="208306">
    <groups>
    </groups>
    <test started-at="2023-02-09T11:43:38 BDT" name="Default test" finished-at="2023-02-09T11:47:06 BDT" duration-ms="208306">
      <class name="tests.Tests">
        <test-method is-config="true" signature="reportSetup()[pri:0, instance:tests.Tests@957e06]" started-at="2023-02-09T11:43:37 BDT" name="reportSetup" finished-at="2023-02-09T11:43:38 BDT" duration-ms="285" status="PASS">
          <reporter-output>
          </reporter-output>
        </test-method> <!-- reportSetup -->
        <test-method is-config="true" signature="init()[pri:0, instance:tests.Tests@957e06]" started-at="2023-02-09T11:43:38 BDT" name="init" finished-at="2023-02-09T11:43:43 BDT" duration-ms="5194" status="PASS">
          <reporter-output>
          </reporter-output>
        </test-method> <!-- init -->
        <test-method signature="demoTest()[pri:0, instance:tests.Tests@957e06]" started-at="2023-02-09T11:43:43 BDT" name="demoTest" finished-at="2023-02-09T11:43:43 BDT" duration-ms="10" status="PASS">
          <reporter-output>
          </reporter-output>
        </test-method> <!-- demoTest -->
        <test-method signature="PrintInvoice()[pri:0, instance:tests.Tests@957e06]" started-at="2023-02-09T11:43:43 BDT" name="PrintInvoice" finished-at="2023-02-09T11:47:06 BDT" duration-ms="203027" status="PASS">
          <reporter-output>
          </reporter-output>
        </test-method> <!-- PrintInvoice -->
        <test-method is-config="true" signature="tearDwon()[pri:0, instance:tests.Tests@957e06]" started-at="2023-02-09T11:47:06 BDT" name="tearDwon" finished-at="2023-02-09T11:47:06 BDT" duration-ms="2" status="PASS">
          <reporter-output>
          </reporter-output>
        </test-method> <!-- tearDwon -->
        <test-method is-config="true" signature="reportTeardown()[pri:0, instance:tests.Tests@957e06]" started-at="2023-02-09T11:47:06 BDT" name="reportTeardown" finished-at="2023-02-09T11:47:06 BDT" duration-ms="417" status="PASS">
          <reporter-output>
          </reporter-output>
        </test-method> <!-- reportTeardown -->
      </class> <!-- tests.Tests -->
    </test> <!-- Default test -->
  </suite> <!-- Default suite -->
</testng-results>
